[     151ms] [INFO] %cDownload the React DevTools for a better development experience: https://react.dev/link/react-devtools font-weight:bold @ http://localhost:3000/_next/static/chunks/e7e96_next_dist_754e1578._.js:2297
[     157ms] [LOG] [HMR] connected @ http://localhost:3000/_next/static/chunks/e7e96_next_dist_754e1578._.js:2297
[  786958ms] [LOG] [Fast Refresh] rebuilding @ http://localhost:3000/_next/static/chunks/e7e96_next_dist_754e1578._.js:2297
[  786984ms] [LOG] [Fast Refresh] done in 82ms @ http://localhost:3000/_next/static/chunks/e7e96_next_dist_754e1578._.js:2297
[  788154ms] [LOG] [Fast Refresh] rebuilding @ http://localhost:3000/_next/static/chunks/e7e96_next_dist_754e1578._.js:2297
[  788202ms] [LOG] [Fast Refresh] done in 113ms @ http://localhost:3000/_next/static/chunks/e7e96_next_dist_754e1578._.js:2297
[  788304ms] [LOG] [Fast Refresh] rebuilding @ http://localhost:3000/_next/static/chunks/e7e96_next_dist_754e1578._.js:2297
[  788470ms] [LOG] [Fast Refresh] done in 267ms @ http://localhost:3000/_next/static/chunks/e7e96_next_dist_754e1578._.js:2297
[  797639ms] [ERROR] ./Desktop/fantasy-football/src/views/fantasy-team-builder-view/ui/fantasy-team-builder-view.tsx:136:1
Parsing ecmascript source code failed
  134 |         </div>
  135 |     )
> 136 | }
      | ^
  137 |

Unexpected token. Did you mean `{'}'}` or `&rbrace;`?

Import trace:
  Server Component:
    ./Desktop/fantasy-football/src/views/fantasy-team-builder-view/ui/fantasy-team-builder-view.tsx
    ./Desktop/fantasy-football/src/app/(platform)/fantasy-team-builder/page.tsx @ http://localhost:3000/_next/static/chunks/e7e96_next_dist_754e1578._.js:3127
[  797681ms] [LOG] [Fast Refresh] rebuilding @ http://localhost:3000/_next/static/chunks/e7e96_next_dist_754e1578._.js:2297
[  806487ms] [ERROR] ./Desktop/fantasy-football/src/views/fantasy-team-builder-view/ui/fantasy-team-builder-view.tsx:137:1
Parsing ecmascript source code failed
  135 |         </div>
  136 |     )
> 137 | }
      | ^
  138 |

Unexpected token. Did you mean `{'}'}` or `&rbrace;`?

Import trace:
  Server Component:
    ./Desktop/fantasy-football/src/views/fantasy-team-builder-view/ui/fantasy-team-builder-view.tsx
    ./Desktop/fantasy-football/src/app/(platform)/fantasy-team-builder/page.tsx @ http://localhost:3000/_next/static/chunks/e7e96_next_dist_754e1578._.js:3127
[  806529ms] [LOG] [Fast Refresh] rebuilding @ http://localhost:3000/_next/static/chunks/e7e96_next_dist_754e1578._.js:2297
[  807725ms] [ERROR] ./Desktop/fantasy-football/src/views/fantasy-team-builder-view/ui/fantasy-team-builder-view.tsx:138:1
Parsing ecmascript source code failed
  136 |         </div>
  137 |     )
> 138 | }
      | ^
  139 |

Unexpected token. Did you mean `{'}'}` or `&rbrace;`?

Import trace:
  Server Component:
    ./Desktop/fantasy-football/src/views/fantasy-team-builder-view/ui/fantasy-team-builder-view.tsx
    ./Desktop/fantasy-football/src/app/(platform)/fantasy-team-builder/page.tsx @ http://localhost:3000/_next/static/chunks/e7e96_next_dist_754e1578._.js:3127
[  807767ms] [LOG] [Fast Refresh] rebuilding @ http://localhost:3000/_next/static/chunks/e7e96_next_dist_754e1578._.js:2297
[  809186ms] [LOG] [Fast Refresh] rebuilding @ http://localhost:3000/_next/static/chunks/e7e96_next_dist_754e1578._.js:2297
[  809258ms] [LOG] [Fast Refresh] done in 102ms @ http://localhost:3000/_next/static/chunks/e7e96_next_dist_754e1578._.js:2297
[  809362ms] [LOG] [Fast Refresh] rebuilding @ http://localhost:3000/_next/static/chunks/e7e96_next_dist_754e1578._.js:2297
[  809374ms] [LOG] [Fast Refresh] done in 113ms @ http://localhost:3000/_next/static/chunks/e7e96_next_dist_754e1578._.js:2297
[  835962ms] [LOG] [Fast Refresh] rebuilding @ http://localhost:3000/_next/static/chunks/e7e96_next_dist_754e1578._.js:2297
[  836000ms] [LOG] [Fast Refresh] done in 93ms @ http://localhost:3000/_next/static/chunks/e7e96_next_dist_754e1578._.js:2297
[  844643ms] [LOG] [Fast Refresh] rebuilding @ http://localhost:3000/_next/static/chunks/e7e96_next_dist_754e1578._.js:2297
[  844672ms] [LOG] [Fast Refresh] done in 48ms @ http://localhost:3000/_next/static/chunks/e7e96_next_dist_754e1578._.js:2297
[  865312ms] [LOG] [Fast Refresh] rebuilding @ http://localhost:3000/_next/static/chunks/e7e96_next_dist_754e1578._.js:2297
[  865341ms] [LOG] [Fast Refresh] done in 82ms @ http://localhost:3000/_next/static/chunks/e7e96_next_dist_754e1578._.js:2297
[  877051ms] [LOG] [Fast Refresh] rebuilding @ http://localhost:3000/_next/static/chunks/e7e96_next_dist_754e1578._.js:2297
[  877079ms] [LOG] [Fast Refresh] done in 52ms @ http://localhost:3000/_next/static/chunks/e7e96_next_dist_754e1578._.js:2297
[  882339ms] [LOG] [Fast Refresh] rebuilding @ http://localhost:3000/_next/static/chunks/e7e96_next_dist_754e1578._.js:2297
[  882370ms] [LOG] [Fast Refresh] done in 32ms @ http://localhost:3000/_next/static/chunks/e7e96_next_dist_754e1578._.js:2297
[  884502ms] [LOG] [Fast Refresh] rebuilding @ http://localhost:3000/_next/static/chunks/e7e96_next_dist_754e1578._.js:2297
[  884530ms] [LOG] [Fast Refresh] done in 58ms @ http://localhost:3000/_next/static/chunks/e7e96_next_dist_754e1578._.js:2297
[  961927ms] [LOG] [Fast Refresh] rebuilding @ http://localhost:3000/_next/static/chunks/e7e96_next_dist_754e1578._.js:2297
[  961956ms] [LOG] [Fast Refresh] done in 27ms @ http://localhost:3000/_next/static/chunks/e7e96_next_dist_754e1578._.js:2297
[  995441ms] [LOG] [Fast Refresh] rebuilding @ http://localhost:3000/_next/static/chunks/e7e96_next_dist_754e1578._.js:2297
[  995471ms] [LOG] [Fast Refresh] done in 30ms @ http://localhost:3000/_next/static/chunks/e7e96_next_dist_754e1578._.js:2297
