[     239ms] [ERROR] A tree hydrated but some attributes of the server rendered HTML didn't match the client properties. This won't be patched up. This can happen if a SSR-ed Client Component used:

- A server/client branch `if (typeof window !== 'undefined')`.
- Variable input such as `Date.now()` or `Math.random()` which changes each time it's called.
- Date formatting in a user's locale which doesn't match the server.
- External changing data without sending a snapshot of it along with the HTML.
- Invalid HTML tag nesting.

It can also happen if the client has a browser extension installed which messes with the HTML before React loaded.

%s%s https://react.dev/link/hydration-mismatch 

  ...
    <div className="group peer..." data-state="expanded" data-collapsible="" data-variant="sidebar" data-side="left" ...>
      <div>
      <div data-slot="sidebar-co..." data-side="left" className="fixed inse...">
        <div data-sidebar="sidebar" data-slot="sidebar-inner" className="flex size-...">
          <SidebarHeader>
            <div data-slot="sidebar-he..." data-sidebar="header" className="flex flex-...">
              <SidebarMenu>
                <ul data-slot="sidebar-menu" data-sidebar="menu" className="flex w-ful...">
                  <SidebarMenuItem>
                    <li data-slot="sidebar-me..." data-sidebar="menu-item" className="group/menu...">
                      <SidebarMenuButton size="lg" tooltip="Analytics">
                        <Tooltip>
                          <TooltipRoot data-slot="tooltip">
                            <TooltipTrigger render={undefined} data-slot="sidebar-me..." data-sidebar="menu-button" ...>
                              <TooltipTrigger data-slot="sidebar-me..." render={undefined} data-sidebar="menu-button" ...>
                                <button
                                  type="button"
                                  onPointerDown={function}
                                  onPointerEnter={function setPointerRef}
                                  onMouseMove={function onMouseMove}
                                  onMouseLeave={function onMouseLeave}
                                  onFocus={function onFocus}
                                  onBlur={function onBlur}
+                                 id="base-ui-_R_pj9etb_"
-                                 id="base-ui-_R_36b9etb_"
                                  data-trigger-disabled={undefined}
                                  data-slot="sidebar-menu-button"
                                  data-sidebar="menu-button"
                                  data-size="lg"
                                  ref={function}
                                  className={"peer/menu-button group/menu-button flex w-full items-center gap-2 overf..."}
                                >
                            ...
          <SidebarContent>
            <div data-slot="sidebar-co..." data-sidebar="content" className="no-scrollb...">
              ...
                <ul data-slot="sidebar-menu" data-sidebar="menu" className="flex w-ful...">
                  <SidebarMenuItem>
                    <li data-slot="sidebar-me..." data-sidebar="menu-item" className="group/menu...">
                      <SidebarMenuButton tooltip="Dashboard">
                        <Tooltip>
                          <TooltipRoot data-slot="tooltip">
                            <TooltipTrigger render={undefined} data-slot="sidebar-me..." data-sidebar="menu-button" ...>
                              <TooltipTrigger data-slot="sidebar-me..." render={undefined} data-sidebar="menu-button" ...>
                                <button
                                  type="button"
                                  onPointerDown={function}
                                  onPointerEnter={function setPointerRef}
                                  onMouseMove={function onMouseMove}
                                  onMouseLeave={function onMouseLeave}
                                  onFocus={function onFocus}
                                  onBlur={function onBlur}
+                                 id="base-ui-_R_3eaj9etb_"
-                                 id="base-ui-_R_dpab9etb_"
                                  data-trigger-disabled={undefined}
                                  data-slot="sidebar-menu-button"
                                  data-sidebar="menu-button"
                                  data-size="default"
                                  ref={function}
                                  className={"peer/menu-button group/menu-button flex w-full items-center gap-2 overf..."}
                                >
                            ...
              ...
                <ul data-slot="sidebar-menu" data-sidebar="menu" className="flex w-ful...">
                  <SidebarMenuItem>
                    <li data-slot="sidebar-me..." data-sidebar="menu-item" className="group/menu...">
                      <SidebarMenuButton tooltip="User Behavior">
                        <Tooltip>
                          <TooltipRoot data-slot="tooltip">
                            <TooltipTrigger render={undefined} data-slot="sidebar-me..." data-sidebar="menu-button" ...>
                              <TooltipTrigger data-slot="sidebar-me..." render={undefined} data-sidebar="menu-button" ...>
                                <button
                                  type="button"
                                  onPointerDown={function}
                                  onPointerEnter={function setPointerRef}
                                  onMouseMove={function onMouseMove}
                                  onMouseLeave={function onMouseLeave}
                                  onFocus={function onFocus}
                                  onBlur={function onBlur}
+                                 id="base-ui-_R_d6ij9etb_"
-                                 id="base-ui-_R_1kqab9etb_"
                                  data-trigger-disabled={undefined}
                                  data-slot="sidebar-menu-button"
                                  data-sidebar="menu-button"
                                  data-size="default"
                                  ref={function}
                                  className={"peer/menu-button group/menu-button flex w-full items-center gap-2 overf..."}
                                >
                            ...
                      ...
                  <SidebarMenuItem>
                    <li data-slot="sidebar-me..." data-sidebar="menu-item" className="group/menu...">
                      <SidebarMenuButton tooltip="Audience">
                        <Tooltip>
                          <TooltipRoot data-slot="tooltip">
                            <TooltipTrigger render={undefined} data-slot="sidebar-me..." data-sidebar="menu-button" ...>
                              <TooltipTrigger data-slot="sidebar-me..." render={undefined} data-sidebar="menu-button" ...>
                                <button
                                  type="button"
                                  onPointerDown={function}
                                  onPointerEnter={function setPointerRef}
                                  onMouseMove={function onMouseMove}
                                  onMouseLeave={function onMouseLeave}
                                  onFocus={function onFocus}
                                  onBlur={function onBlur}
+                                 id="base-ui-_R_daij9etb_"
-                                 id="base-ui-_R_1laab9etb_"
                                  data-trigger-disabled={undefined}
                                  data-slot="sidebar-menu-button"
                                  data-sidebar="menu-button"
                                  data-size="default"
                                  ref={function}
                                  className={"peer/menu-button group/menu-button flex w-full items-center gap-2 overf..."}
                                >
                            ...
                  <SidebarMenuItem>
                    <li data-slot="sidebar-me..." data-sidebar="menu-item" className="group/menu...">
                      <SidebarMenuButton tooltip="Traffic So...">
                        <Tooltip>
                          <TooltipRoot data-slot="tooltip">
                            <TooltipTrigger render={undefined} data-slot="sidebar-me..." data-sidebar="menu-button" ...>
                              <TooltipTrigger data-slot="sidebar-me..." render={undefined} data-sidebar="menu-button" ...>
                                <button
                                  type="button"
                                  onPointerDown={function}
                                  onPointerEnter={function setPointerRef}
                                  onMouseMove={function onMouseMove}
                                  onMouseLeave={function onMouseLeave}
                                  onFocus={function onFocus}
                                  onBlur={function onBlur}
+                                 id="base-ui-_R_deij9etb_"
-                                 id="base-ui-_R_1lqab9etb_"
                                  data-trigger-disabled={undefined}
                                  data-slot="sidebar-menu-button"
                                  data-sidebar="menu-button"
                                  data-size="default"
                                  ref={function}
                                  className={"peer/menu-button group/menu-button flex w-full items-center gap-2 overf..."}
                                >
                            ...
                      ...
                  <SidebarMenuItem>
                    <li data-slot="sidebar-me..." data-sidebar="menu-item" className="group/menu...">
                      <SidebarMenuButton tooltip="Engagement...">
                        <Tooltip>
                          <TooltipRoot data-slot="tooltip">
                            <TooltipTrigger render={undefined} data-slot="sidebar-me..." data-sidebar="menu-button" ...>
                              <TooltipTrigger data-slot="sidebar-me..." render={undefined} data-sidebar="menu-button" ...>
                                <button
                                  type="button"
                                  onPointerDown={function}
                                  onPointerEnter={function setPointerRef}
                                  onMouseMove={function onMouseMove}
                                  onMouseLeave={function onMouseLeave}
                                  onFocus={function onFocus}
                                  onBlur={function onBlur}
+                                 id="base-ui-_R_diij9etb_"
-                                 id="base-ui-_R_1maab9etb_"
                                  data-trigger-disabled={undefined}
                                  data-slot="sidebar-menu-button"
                                  data-sidebar="menu-button"
                                  data-size="default"
                                  ref={function}
                                  className={"peer/menu-button group/menu-button flex w-full items-center gap-2 overf..."}
                                >
                            ...
                  <SidebarMenuItem>
                    <li data-slot="sidebar-me..." data-sidebar="menu-item" className="group/menu...">
                      <SidebarMenuButton tooltip="Custom Rep...">
                        <Tooltip>
                          <TooltipRoot data-slot="tooltip">
                            <TooltipTrigger render={undefined} data-slot="sidebar-me..." data-sidebar="menu-button" ...>
                              <TooltipTrigger data-slot="sidebar-me..." render={undefined} data-sidebar="menu-button" ...>
                                <button
                                  type="button"
                                  onPointerDown={function}
                                  onPointerEnter={function setPointerRef}
                                  onMouseMove={function onMouseMove}
                                  onMouseLeave={function onMouseLeave}
                                  onFocus={function onFocus}
                                  onBlur={function onBlur}
+                                 id="base-ui-_R_dmij9etb_"
-                                 id="base-ui-_R_1mqab9etb_"
                                  data-trigger-disabled={undefined}
                                  data-slot="sidebar-menu-button"
                                  data-sidebar="menu-button"
                                  data-size="default"
                                  ref={function}
                                  className={"peer/menu-button group/menu-button flex w-full items-center gap-2 overf..."}
                                >
                            ...
                  <SidebarMenuItem>
                    <li data-slot="sidebar-me..." data-sidebar="menu-item" className="group/menu...">
                      <SidebarMenuButton tooltip="Error Logs">
                        <Tooltip>
                          <TooltipRoot data-slot="tooltip">
                            <TooltipTrigger render={undefined} data-slot="sidebar-me..." data-sidebar="menu-button" ...>
                              <TooltipTrigger data-slot="sidebar-me..." render={undefined} data-sidebar="menu-button" ...>
                                <button
                                  type="button"
                                  onPointerDown={function}
                                  onPointerEnter={function setPointerRef}
                                  onMouseMove={function onMouseMove}
                                  onMouseLeave={function onMouseLeave}
                                  onFocus={function onFocus}
                                  onBlur={function onBlur}
+                                 id="base-ui-_R_dqij9etb_"
-                                 id="base-ui-_R_1naab9etb_"
                                  data-trigger-disabled={undefined}
                                  data-slot="sidebar-menu-button"
                                  data-sidebar="menu-button"
                                  data-size="default"
                                  ref={function}
                                  className={"peer/menu-button group/menu-button flex w-full items-center gap-2 overf..."}
                                >
                            ...
                  <SidebarMenuItem>
                    <li data-slot="sidebar-me..." data-sidebar="menu-item" className="group/menu...">
                      <SidebarMenuButton tooltip="Survey Res...">
                        <Tooltip>
                          <TooltipRoot data-slot="tooltip">
                            <TooltipTrigger render={undefined} data-slot="sidebar-me..." data-sidebar="menu-button" ...>
                              <TooltipTrigger data-slot="sidebar-me..." render={undefined} data-sidebar="menu-button" ...>
                                <button
                                  type="button"
                                  onPointerDown={function}
                                  onPointerEnter={function setPointerRef}
                                  onMouseMove={function onMouseMove}
                                  onMouseLeave={function onMouseLeave}
                                  onFocus={function onFocus}
                                  onBlur={function onBlur}
+                                 id="base-ui-_R_duij9etb_"
-                                 id="base-ui-_R_1nqab9etb_"
                                  data-trigger-disabled={undefined}
                                  data-slot="sidebar-menu-button"
                                  data-sidebar="menu-button"
                                  data-size="default"
                                  ref={function}
                                  className={"peer/menu-button group/menu-button flex w-full items-center gap-2 overf..."}
                                >
                            ...
              ...
                <ul data-slot="sidebar-menu" data-sidebar="menu" className="flex w-ful...">
                  <SidebarMenuItem>
                    <li data-slot="sidebar-me..." data-sidebar="menu-item" className="group/menu...">
                      <SidebarMenuButton tooltip="Data Export">
                        <Tooltip>
                          <TooltipRoot data-slot="tooltip">
                            <TooltipTrigger render={undefined} data-slot="sidebar-me..." data-sidebar="menu-button" ...>
                              <TooltipTrigger data-slot="sidebar-me..." render={undefined} data-sidebar="menu-button" ...>
                                <button
                                  type="button"
                                  onPointerDown={function}
                                  onPointerEnter={function setPointerRef}
                                  onMouseMove={function onMouseMove}
                                  onMouseLeave={function onMouseLeave}
                                  onFocus={function onFocus}
                                  onBlur={function onBlur}
+                                 id="base-ui-_R_6mqj9etb_"
-                                 id="base-ui-_R_qrab9etb_"
                                  data-trigger-disabled={undefined}
                                  data-slot="sidebar-menu-button"
                                  data-sidebar="menu-button"
                                  data-size="default"
                                  ref={function}
                                  className={"peer/menu-button group/menu-button flex w-full items-center gap-2 overf..."}
                                >
                            ...
                  <SidebarMenuItem>
                    <li data-slot="sidebar-me..." data-sidebar="menu-item" className="group/menu...">
                      <SidebarMenuButton tooltip="Integrations">
                        <Tooltip>
                          <TooltipRoot data-slot="tooltip">
                            <TooltipTrigger render={undefined} data-slot="sidebar-me..." data-sidebar="menu-button" ...>
                              <TooltipTrigger data-slot="sidebar-me..." render={undefined} data-sidebar="menu-button" ...>
                                <button
                                  type="button"
                                  onPointerDown={function}
                                  onPointerEnter={function setPointerRef}
                                  onMouseMove={function onMouseMove}
                                  onMouseLeave={function onMouseLeave}
                                  onFocus={function onFocus}
                                  onBlur={function onBlur}
+                                 id="base-ui-_R_6qqj9etb_"
-                                 id="base-ui-_R_rbab9etb_"
                                  data-trigger-disabled={undefined}
                                  data-slot="sidebar-menu-button"
                                  data-sidebar="menu-button"
                                  data-size="default"
                                  ref={function}
                                  className={"peer/menu-button group/menu-button flex w-full items-center gap-2 overf..."}
                                >
                            ...
          ...
 @ http://localhost:3000/_next/static/chunks/e7e96_next_dist_754e1578._.js:3127
