[     119ms] [INFO] %cDownload the React DevTools for a better development experience: https://react.dev/link/react-devtools font-weight:bold @ http://localhost:3000/_next/static/chunks/e7e96_next_dist_754e1578._.js:2297
[     159ms] [LOG] [HMR] connected @ http://localhost:3000/_next/static/chunks/e7e96_next_dist_754e1578._.js:2297
[     212ms] [ERROR] A tree hydrated but some attributes of the server rendered HTML didn't match the client properties. This won't be patched up. This can happen if a SSR-ed Client Component used:

- A server/client branch `if (typeof window !== 'undefined')`.
- Variable input such as `Date.now()` or `Math.random()` which changes each time it's called.
- Date formatting in a user's locale which doesn't match the server.
- External changing data without sending a snapshot of it along with the HTML.
- Invalid HTML tag nesting.

It can also happen if the client has a browser extension installed which messes with the HTML before React loaded.

%s%s https://react.dev/link/hydration-mismatch 

  ...
    <RenderFromTemplateContext>
      <ScrollAndFocusHandler segmentPath={[...]}>
        <InnerScrollAndFocusHandler segmentPath={[...]} focusAndScrollRef={{apply:false, ...}}>
          <ErrorBoundary errorComponent={undefined} errorStyles={undefined} errorScripts={undefined}>
            <LoadingBoundary name="/" loading={null}>
              <HTTPAccessFallbackBoundary notFound={<SegmentViewNode>} forbidden={undefined} unauthorized={undefined}>
                <HTTPAccessFallbackErrorBoundary pathname="/fantasy-t..." notFound={<SegmentViewNode>} ...>
                  <RedirectBoundary>
                    <RedirectErrorBoundary router={{...}}>
                      <InnerLayoutRouter url="/fantasy-t..." tree={[...]} params={{}} cacheNode={{...}} ...>
                        <SegmentViewNode type="layout" pagePath="/Desktop/f...">
                          <SegmentTrieNode>
                          <link>
                          <script>
                          <script>
                          <script>
                          <script>
                          <script>
                          <script>
                          <RootLayout>
                            <html
                              lang="en"
-                             className="light"
-                             style={{color-scheme:"light"}}
                            >
                      ...
          ...
 @ http://localhost:3000/_next/static/chunks/e7e96_next_dist_754e1578._.js:3127
[   26108ms] [LOG] [Fast Refresh] rebuilding @ http://localhost:3000/_next/static/chunks/e7e96_next_dist_754e1578._.js:2297
[   26137ms] [LOG] [Fast Refresh] done in 50ms @ http://localhost:3000/_next/static/chunks/e7e96_next_dist_754e1578._.js:2297
[   33811ms] [LOG] [Fast Refresh] rebuilding @ http://localhost:3000/_next/static/chunks/e7e96_next_dist_754e1578._.js:2297
[   33841ms] [LOG] [Fast Refresh] done in 31ms @ http://localhost:3000/_next/static/chunks/e7e96_next_dist_754e1578._.js:2297
[   37506ms] [LOG] [Fast Refresh] rebuilding @ http://localhost:3000/_next/static/chunks/e7e96_next_dist_754e1578._.js:2297
[   37535ms] [LOG] [Fast Refresh] done in 46ms @ http://localhost:3000/_next/static/chunks/e7e96_next_dist_754e1578._.js:2297
[   55624ms] [LOG] [Fast Refresh] rebuilding @ http://localhost:3000/_next/static/chunks/e7e96_next_dist_754e1578._.js:2297
[   55643ms] [LOG] [Fast Refresh] done in 120ms @ http://localhost:3000/_next/static/chunks/e7e96_next_dist_754e1578._.js:2297
[   63859ms] [LOG] [Fast Refresh] rebuilding @ http://localhost:3000/_next/static/chunks/e7e96_next_dist_754e1578._.js:2297
[   63888ms] [LOG] [Fast Refresh] done in 46ms @ http://localhost:3000/_next/static/chunks/e7e96_next_dist_754e1578._.js:2297
[   74117ms] [LOG] [Fast Refresh] rebuilding @ http://localhost:3000/_next/static/chunks/e7e96_next_dist_754e1578._.js:2297
[   74146ms] [LOG] [Fast Refresh] done in 29ms @ http://localhost:3000/_next/static/chunks/e7e96_next_dist_754e1578._.js:2297
[  137765ms] [LOG] [Fast Refresh] rebuilding @ http://localhost:3000/_next/static/chunks/e7e96_next_dist_754e1578._.js:2297
[  137793ms] [LOG] [Fast Refresh] done in 54ms @ http://localhost:3000/_next/static/chunks/e7e96_next_dist_754e1578._.js:2297
[  238003ms] [LOG] [Fast Refresh] rebuilding @ http://localhost:3000/_next/static/chunks/e7e96_next_dist_754e1578._.js:2297
[  238031ms] [LOG] [Fast Refresh] done in 50ms @ http://localhost:3000/_next/static/chunks/e7e96_next_dist_754e1578._.js:2297
[  251421ms] [LOG] [Fast Refresh] rebuilding @ http://localhost:3000/_next/static/chunks/e7e96_next_dist_754e1578._.js:2297
[  251476ms] [LOG] [Fast Refresh] done in 44ms @ http://localhost:3000/_next/static/chunks/e7e96_next_dist_754e1578._.js:2297
[  394072ms] [LOG] [Fast Refresh] rebuilding @ http://localhost:3000/_next/static/chunks/e7e96_next_dist_754e1578._.js:2297
[  394151ms] [LOG] [Fast Refresh] done in 105ms @ http://localhost:3000/_next/static/chunks/e7e96_next_dist_754e1578._.js:2297
[  394456ms] [INFO] %cDownload the React DevTools for a better development experience: https://react.dev/link/react-devtools font-weight:bold @ http://localhost:3000/_next/static/chunks/e7e96_next_dist_754e1578._.js:2297
[  394497ms] [LOG] [HMR] connected @ http://localhost:3000/_next/static/chunks/e7e96_next_dist_754e1578._.js:2297
[  394563ms] [ERROR] A tree hydrated but some attributes of the server rendered HTML didn't match the client properties. This won't be patched up. This can happen if a SSR-ed Client Component used:

- A server/client branch `if (typeof window !== 'undefined')`.
- Variable input such as `Date.now()` or `Math.random()` which changes each time it's called.
- Date formatting in a user's locale which doesn't match the server.
- External changing data without sending a snapshot of it along with the HTML.
- Invalid HTML tag nesting.

It can also happen if the client has a browser extension installed which messes with the HTML before React loaded.

%s%s https://react.dev/link/hydration-mismatch 

  ...
    <RenderFromTemplateContext>
      <ScrollAndFocusHandler segmentPath={[...]}>
        <InnerScrollAndFocusHandler segmentPath={[...]} focusAndScrollRef={{apply:false, ...}}>
          <ErrorBoundary errorComponent={undefined} errorStyles={undefined} errorScripts={undefined}>
            <LoadingBoundary name="/" loading={null}>
              <HTTPAccessFallbackBoundary notFound={<SegmentViewNode>} forbidden={undefined} unauthorized={undefined}>
                <HTTPAccessFallbackErrorBoundary pathname="/fantasy-t..." notFound={<SegmentViewNode>} ...>
                  <RedirectBoundary>
                    <RedirectErrorBoundary router={{...}}>
                      <InnerLayoutRouter url="/fantasy-t..." tree={[...]} params={{}} cacheNode={{...}} ...>
                        <SegmentViewNode type="layout" pagePath="/Desktop/f...">
                          <SegmentTrieNode>
                          <link>
                          <script>
                          <script>
                          <script>
                          <script>
                          <script>
                          <script>
                          <RootLayout>
                            <html
                              lang="en"
-                             className="light"
-                             style={{color-scheme:"light"}}
                            >
                      ...
          ...
 @ http://localhost:3000/_next/static/chunks/e7e96_next_dist_754e1578._.js:3127
[  395392ms] [LOG] [Fast Refresh] rebuilding @ http://localhost:3000/_next/static/chunks/e7e96_next_dist_754e1578._.js:2297
[  395404ms] [LOG] [Fast Refresh] done in 113ms @ http://localhost:3000/_next/static/chunks/e7e96_next_dist_754e1578._.js:2297
[  400851ms] [LOG] [Fast Refresh] rebuilding @ http://localhost:3000/_next/static/chunks/e7e96_next_dist_754e1578._.js:2297
[  400961ms] [LOG] [Fast Refresh] done in 209ms @ http://localhost:3000/_next/static/chunks/e7e96_next_dist_754e1578._.js:2297
[  401217ms] [INFO] %cDownload the React DevTools for a better development experience: https://react.dev/link/react-devtools font-weight:bold @ http://localhost:3000/_next/static/chunks/e7e96_next_dist_754e1578._.js:2297
[  401224ms] [LOG] [HMR] connected @ http://localhost:3000/_next/static/chunks/e7e96_next_dist_754e1578._.js:2297
[  401277ms] [ERROR] A tree hydrated but some attributes of the server rendered HTML didn't match the client properties. This won't be patched up. This can happen if a SSR-ed Client Component used:

- A server/client branch `if (typeof window !== 'undefined')`.
- Variable input such as `Date.now()` or `Math.random()` which changes each time it's called.
- Date formatting in a user's locale which doesn't match the server.
- External changing data without sending a snapshot of it along with the HTML.
- Invalid HTML tag nesting.

It can also happen if the client has a browser extension installed which messes with the HTML before React loaded.

%s%s https://react.dev/link/hydration-mismatch 

  ...
    <RenderFromTemplateContext>
      <ScrollAndFocusHandler segmentPath={[...]}>
        <InnerScrollAndFocusHandler segmentPath={[...]} focusAndScrollRef={{apply:false, ...}}>
          <ErrorBoundary errorComponent={undefined} errorStyles={undefined} errorScripts={undefined}>
            <LoadingBoundary name="/" loading={null}>
              <HTTPAccessFallbackBoundary notFound={<SegmentViewNode>} forbidden={undefined} unauthorized={undefined}>
                <HTTPAccessFallbackErrorBoundary pathname="/fantasy-t..." notFound={<SegmentViewNode>} ...>
                  <RedirectBoundary>
                    <RedirectErrorBoundary router={{...}}>
                      <InnerLayoutRouter url="/fantasy-t..." tree={[...]} params={{}} cacheNode={{...}} ...>
                        <SegmentViewNode type="layout" pagePath="/Desktop/f...">
                          <SegmentTrieNode>
                          <link>
                          <script>
                          <script>
                          <script>
                          <script>
                          <script>
                          <script>
                          <RootLayout>
                            <html
                              lang="en"
-                             className="light"
-                             style={{color-scheme:"light"}}
                            >
                      ...
          ...
 @ http://localhost:3000/_next/static/chunks/e7e96_next_dist_754e1578._.js:3127
[  401332ms] [LOG] [Fast Refresh] rebuilding @ http://localhost:3000/_next/static/chunks/e7e96_next_dist_754e1578._.js:2297
[  401351ms] [LOG] [Fast Refresh] done in 120ms @ http://localhost:3000/_next/static/chunks/e7e96_next_dist_754e1578._.js:2297
[  444972ms] [LOG] [Fast Refresh] rebuilding @ http://localhost:3000/_next/static/chunks/e7e96_next_dist_754e1578._.js:2297
[  445063ms] [LOG] [Fast Refresh] done in 92ms @ http://localhost:3000/_next/static/chunks/e7e96_next_dist_754e1578._.js:2297
[  445344ms] [INFO] %cDownload the React DevTools for a better development experience: https://react.dev/link/react-devtools font-weight:bold @ http://localhost:3000/_next/static/chunks/e7e96_next_dist_754e1578._.js:2297
[  445353ms] [LOG] [HMR] connected @ http://localhost:3000/_next/static/chunks/e7e96_next_dist_754e1578._.js:2297
[  445422ms] [ERROR] A tree hydrated but some attributes of the server rendered HTML didn't match the client properties. This won't be patched up. This can happen if a SSR-ed Client Component used:

- A server/client branch `if (typeof window !== 'undefined')`.
- Variable input such as `Date.now()` or `Math.random()` which changes each time it's called.
- Date formatting in a user's locale which doesn't match the server.
- External changing data without sending a snapshot of it along with the HTML.
- Invalid HTML tag nesting.

It can also happen if the client has a browser extension installed which messes with the HTML before React loaded.

%s%s https://react.dev/link/hydration-mismatch 

  ...
    <RenderFromTemplateContext>
      <ScrollAndFocusHandler segmentPath={[...]}>
        <InnerScrollAndFocusHandler segmentPath={[...]} focusAndScrollRef={{apply:false, ...}}>
          <ErrorBoundary errorComponent={undefined} errorStyles={undefined} errorScripts={undefined}>
            <LoadingBoundary name="/" loading={null}>
              <HTTPAccessFallbackBoundary notFound={<SegmentViewNode>} forbidden={undefined} unauthorized={undefined}>
                <HTTPAccessFallbackErrorBoundary pathname="/fantasy-t..." notFound={<SegmentViewNode>} ...>
                  <RedirectBoundary>
                    <RedirectErrorBoundary router={{...}}>
                      <InnerLayoutRouter url="/fantasy-t..." tree={[...]} params={{}} cacheNode={{...}} ...>
                        <SegmentViewNode type="layout" pagePath="/Desktop/f...">
                          <SegmentTrieNode>
                          <link>
                          <script>
                          <script>
                          <script>
                          <script>
                          <script>
                          <script>
                          <RootLayout>
                            <html
                              lang="en"
-                             className="light"
-                             style={{color-scheme:"light"}}
                            >
                      ...
          ...
 @ http://localhost:3000/_next/static/chunks/e7e96_next_dist_754e1578._.js:3127
[  510455ms] [LOG] [Fast Refresh] rebuilding @ http://localhost:3000/_next/static/chunks/e7e96_next_dist_754e1578._.js:2297
[  510484ms] [LOG] [Fast Refresh] done in 49ms @ http://localhost:3000/_next/static/chunks/e7e96_next_dist_754e1578._.js:2297
[  580494ms] [LOG] [Fast Refresh] rebuilding @ http://localhost:3000/_next/static/chunks/e7e96_next_dist_754e1578._.js:2297
[  580524ms] [LOG] [Fast Refresh] done in 42ms @ http://localhost:3000/_next/static/chunks/e7e96_next_dist_754e1578._.js:2297
[  619803ms] [LOG] [Fast Refresh] rebuilding @ http://localhost:3000/_next/static/chunks/e7e96_next_dist_754e1578._.js:2297
[  619833ms] [LOG] [Fast Refresh] done in 34ms @ http://localhost:3000/_next/static/chunks/e7e96_next_dist_754e1578._.js:2297
[  644199ms] [LOG] [Fast Refresh] rebuilding @ http://localhost:3000/_next/static/chunks/e7e96_next_dist_754e1578._.js:2297
[  644228ms] [LOG] [Fast Refresh] done in 42ms @ http://localhost:3000/_next/static/chunks/e7e96_next_dist_754e1578._.js:2297
[  676728ms] [LOG] [Fast Refresh] rebuilding @ http://localhost:3000/_next/static/chunks/e7e96_next_dist_754e1578._.js:2297
[  676757ms] [LOG] [Fast Refresh] done in 45ms @ http://localhost:3000/_next/static/chunks/e7e96_next_dist_754e1578._.js:2297
[  689927ms] [LOG] [Fast Refresh] rebuilding @ http://localhost:3000/_next/static/chunks/e7e96_next_dist_754e1578._.js:2297
[  689957ms] [LOG] [Fast Refresh] done in 32ms @ http://localhost:3000/_next/static/chunks/e7e96_next_dist_754e1578._.js:2297
[  704311ms] [LOG] [Fast Refresh] rebuilding @ http://localhost:3000/_next/static/chunks/e7e96_next_dist_754e1578._.js:2297
[  704340ms] [LOG] [Fast Refresh] done in 40ms @ http://localhost:3000/_next/static/chunks/e7e96_next_dist_754e1578._.js:2297
[  734620ms] [LOG] [Fast Refresh] rebuilding @ http://localhost:3000/_next/static/chunks/e7e96_next_dist_754e1578._.js:2297
[  734649ms] [LOG] [Fast Refresh] done in 43ms @ http://localhost:3000/_next/static/chunks/e7e96_next_dist_754e1578._.js:2297
[  738524ms] [LOG] [Fast Refresh] rebuilding @ http://localhost:3000/_next/static/chunks/e7e96_next_dist_754e1578._.js:2297
[  738553ms] [LOG] [Fast Refresh] done in 32ms @ http://localhost:3000/_next/static/chunks/e7e96_next_dist_754e1578._.js:2297
[  919042ms] [LOG] [Fast Refresh] rebuilding @ http://localhost:3000/_next/static/chunks/e7e96_next_dist_754e1578._.js:2297
[  919182ms] [LOG] [Fast Refresh] done in 236ms @ http://localhost:3000/_next/static/chunks/e7e96_next_dist_754e1578._.js:2297
[  919511ms] [INFO] %cDownload the React DevTools for a better development experience: https://react.dev/link/react-devtools font-weight:bold @ http://localhost:3000/_next/static/chunks/e7e96_next_dist_754e1578._.js:2297
[  919553ms] [LOG] [HMR] connected @ http://localhost:3000/_next/static/chunks/e7e96_next_dist_754e1578._.js:2297
[  919622ms] [ERROR] A tree hydrated but some attributes of the server rendered HTML didn't match the client properties. This won't be patched up. This can happen if a SSR-ed Client Component used:

- A server/client branch `if (typeof window !== 'undefined')`.
- Variable input such as `Date.now()` or `Math.random()` which changes each time it's called.
- Date formatting in a user's locale which doesn't match the server.
- External changing data without sending a snapshot of it along with the HTML.
- Invalid HTML tag nesting.

It can also happen if the client has a browser extension installed which messes with the HTML before React loaded.

%s%s https://react.dev/link/hydration-mismatch 

  ...
    <RenderFromTemplateContext>
      <ScrollAndFocusHandler segmentPath={[...]}>
        <InnerScrollAndFocusHandler segmentPath={[...]} focusAndScrollRef={{apply:false, ...}}>
          <ErrorBoundary errorComponent={undefined} errorStyles={undefined} errorScripts={undefined}>
            <LoadingBoundary name="/" loading={null}>
              <HTTPAccessFallbackBoundary notFound={<SegmentViewNode>} forbidden={undefined} unauthorized={undefined}>
                <HTTPAccessFallbackErrorBoundary pathname="/fantasy-t..." notFound={<SegmentViewNode>} ...>
                  <RedirectBoundary>
                    <RedirectErrorBoundary router={{...}}>
                      <InnerLayoutRouter url="/fantasy-t..." tree={[...]} params={{}} cacheNode={{...}} ...>
                        <SegmentViewNode type="layout" pagePath="/Desktop/f...">
                          <SegmentTrieNode>
                          <link>
                          <script>
                          <script>
                          <script>
                          <script>
                          <script>
                          <script>
                          <RootLayout>
                            <html
                              lang="en"
-                             className="light"
-                             style={{color-scheme:"light"}}
                            >
                      ...
          ...
 @ http://localhost:3000/_next/static/chunks/e7e96_next_dist_754e1578._.js:3127
[  919682ms] [LOG] [Fast Refresh] rebuilding @ http://localhost:3000/_next/static/chunks/e7e96_next_dist_754e1578._.js:2297
[  919785ms] [LOG] [Fast Refresh] done in 204ms @ http://localhost:3000/_next/static/chunks/e7e96_next_dist_754e1578._.js:2297
[ 1044614ms] [LOG] [Fast Refresh] rebuilding @ http://localhost:3000/_next/static/chunks/e7e96_next_dist_754e1578._.js:2297
[ 1044644ms] [LOG] [Fast Refresh] done in 47ms @ http://localhost:3000/_next/static/chunks/e7e96_next_dist_754e1578._.js:2297
[ 1055469ms] [LOG] [Fast Refresh] rebuilding @ http://localhost:3000/_next/static/chunks/e7e96_next_dist_754e1578._.js:2297
[ 1055497ms] [LOG] [Fast Refresh] done in 45ms @ http://localhost:3000/_next/static/chunks/e7e96_next_dist_754e1578._.js:2297
[ 1064898ms] [LOG] [Fast Refresh] rebuilding @ http://localhost:3000/_next/static/chunks/e7e96_next_dist_754e1578._.js:2297
[ 1064926ms] [LOG] [Fast Refresh] done in 88ms @ http://localhost:3000/_next/static/chunks/e7e96_next_dist_754e1578._.js:2297
[ 1170518ms] [LOG] [Fast Refresh] rebuilding @ http://localhost:3000/_next/static/chunks/e7e96_next_dist_754e1578._.js:2297
[ 1170548ms] [LOG] [Fast Refresh] done in 34ms @ http://localhost:3000/_next/static/chunks/e7e96_next_dist_754e1578._.js:2297
[ 1180343ms] [LOG] [Fast Refresh] rebuilding @ http://localhost:3000/_next/static/chunks/e7e96_next_dist_754e1578._.js:2297
[ 1180374ms] [LOG] [Fast Refresh] done in 61ms @ http://localhost:3000/_next/static/chunks/e7e96_next_dist_754e1578._.js:2297
[ 1210354ms] [LOG] [Fast Refresh] rebuilding @ http://localhost:3000/_next/static/chunks/e7e96_next_dist_754e1578._.js:2297
[ 1210383ms] [LOG] [Fast Refresh] done in 42ms @ http://localhost:3000/_next/static/chunks/e7e96_next_dist_754e1578._.js:2297
[ 1295580ms] [LOG] [Fast Refresh] rebuilding @ http://localhost:3000/_next/static/chunks/e7e96_next_dist_754e1578._.js:2297
[ 1295611ms] [LOG] [Fast Refresh] done in 83ms @ http://localhost:3000/_next/static/chunks/e7e96_next_dist_754e1578._.js:2297
[ 1312381ms] [LOG] [Fast Refresh] rebuilding @ http://localhost:3000/_next/static/chunks/e7e96_next_dist_754e1578._.js:2297
[ 1312410ms] [LOG] [Fast Refresh] done in 36ms @ http://localhost:3000/_next/static/chunks/e7e96_next_dist_754e1578._.js:2297
[ 1392839ms] [LOG] [Fast Refresh] rebuilding @ http://localhost:3000/_next/static/chunks/e7e96_next_dist_754e1578._.js:2297
[ 1392867ms] [LOG] [Fast Refresh] done in 129ms @ http://localhost:3000/_next/static/chunks/e7e96_next_dist_754e1578._.js:2297
