[     295ms] [INFO] %cDownload the React DevTools for a better development experience: https://react.dev/link/react-devtools font-weight:bold @ http://localhost:3000/_next/static/chunks/e7e96_next_dist_754e1578._.js:2297
[     309ms] [LOG] [HMR] connected @ http://localhost:3000/_next/static/chunks/e7e96_next_dist_754e1578._.js:2297
[     340ms] [ERROR] A tree hydrated but some attributes of the server rendered HTML didn't match the client properties. This won't be patched up. This can happen if a SSR-ed Client Component used:

- A server/client branch `if (typeof window !== 'undefined')`.
- Variable input such as `Date.now()` or `Math.random()` which changes each time it's called.
- Date formatting in a user's locale which doesn't match the server.
- External changing data without sending a snapshot of it along with the HTML.
- Invalid HTML tag nesting.

It can also happen if the client has a browser extension installed which messes with the HTML before React loaded.

%s%s https://react.dev/link/hydration-mismatch 

  ...
    <RenderFromTemplateContext>
      <ScrollAndFocusHandler segmentPath={[...]}>
        <InnerScrollAndFocusHandler segmentPath={[...]} focusAndScrollRef={{apply:false, ...}}>
          <ErrorBoundary errorComponent={undefined} errorStyles={undefined} errorScripts={undefined}>
            <LoadingBoundary name="/" loading={null}>
              <HTTPAccessFallbackBoundary notFound={<SegmentViewNode>} forbidden={undefined} unauthorized={undefined}>
                <HTTPAccessFallbackErrorBoundary pathname="/fantasy-t..." notFound={<SegmentViewNode>} ...>
                  <RedirectBoundary>
                    <RedirectErrorBoundary router={{...}}>
                      <InnerLayoutRouter url="/fantasy-t..." tree={[...]} params={{}} cacheNode={{...}} ...>
                        <SegmentViewNode type="layout" pagePath="/Desktop/f...">
                          <SegmentTrieNode>
                          <link>
                          <script>
                          <script>
                          <script>
                          <script>
                          <script>
                          <script>
                          <RootLayout>
                            <html
                              lang="en"
-                             className="light"
-                             style={{color-scheme:"light"}}
                            >
                      ...
          ...
 @ http://localhost:3000/_next/static/chunks/e7e96_next_dist_754e1578._.js:3127
[  258139ms] [LOG] [Fast Refresh] rebuilding @ http://localhost:3000/_next/static/chunks/e7e96_next_dist_754e1578._.js:2297
[  258176ms] [LOG] [Fast Refresh] done in 38ms @ http://localhost:3000/_next/static/chunks/e7e96_next_dist_754e1578._.js:2297
[  272261ms] [LOG] [Fast Refresh] rebuilding @ http://localhost:3000/_next/static/chunks/e7e96_next_dist_754e1578._.js:2297
[  272292ms] [LOG] [Fast Refresh] done in 32ms @ http://localhost:3000/_next/static/chunks/e7e96_next_dist_754e1578._.js:2297
[  287509ms] [LOG] [Fast Refresh] rebuilding @ http://localhost:3000/_next/static/chunks/e7e96_next_dist_754e1578._.js:2297
[  287538ms] [LOG] [Fast Refresh] done in 48ms @ http://localhost:3000/_next/static/chunks/e7e96_next_dist_754e1578._.js:2297
[  301498ms] [LOG] [Fast Refresh] rebuilding @ http://localhost:3000/_next/static/chunks/e7e96_next_dist_754e1578._.js:2297
[  301538ms] [LOG] [Fast Refresh] done in 39ms @ http://localhost:3000/_next/static/chunks/e7e96_next_dist_754e1578._.js:2297
[  356760ms] [LOG] [Fast Refresh] rebuilding @ http://localhost:3000/_next/static/chunks/e7e96_next_dist_754e1578._.js:2297
[  356769ms] [LOG] [Fast Refresh] done in 109ms @ http://localhost:3000/_next/static/chunks/e7e96_next_dist_754e1578._.js:2297
[  567213ms] [LOG] [Fast Refresh] rebuilding @ http://localhost:3000/_next/static/chunks/e7e96_next_dist_754e1578._.js:2297
[  567243ms] [LOG] [Fast Refresh] done in 31ms @ http://localhost:3000/_next/static/chunks/e7e96_next_dist_754e1578._.js:2297
[  644490ms] [LOG] [Fast Refresh] rebuilding @ http://localhost:3000/_next/static/chunks/e7e96_next_dist_754e1578._.js:2297
[  644495ms] [LOG] [Fast Refresh] done in 107ms @ http://localhost:3000/_next/static/chunks/e7e96_next_dist_754e1578._.js:2297
